########### array before sorts ###########
0	0.000000	2.250000	0.000000	22.750000	n
1	2.250000	25.000000	65.500000	25.000000	n
2	2.250000	0.000000	1.667657	0.076667	n
3	1.667657	0.076667	1.125000	0.301443	n
4	1.125000	0.301443	0.659010	0.659010	n
5	0.659010	0.659010	0.301443	1.125000	n
6	0.301443	1.125000	0.076667	1.667657	n
7	0.076667	1.667657	0.000000	2.250000	n
8	0.000000	22.750000	0.076667	23.332343	n
9	0.076667	23.332343	0.301443	23.875000	n
10	0.301443	23.875000	0.659010	24.340990	n
11	0.659010	24.340990	1.125000	24.698557	n
12	1.125000	24.698557	1.667657	24.923333	n
13	1.667657	24.923333	2.250000	25.000000	n
14	68.536303	2.200656	68.338942	1.537182	n
15	68.338942	1.537182	67.976584	0.947395	n
16	67.976584	0.947395	67.473924	0.471490	n
17	67.473924	0.471490	66.865219	0.141899	n
18	66.865219	0.141899	66.191951	-0.018917	n
19	66.191951	-0.018917	65.500000	0.000000	n
20	68.536303	22.700656	68.350031	23.378586	n
21	68.350031	23.378586	67.994644	23.985202	n
22	67.994644	23.985202	67.494363	24.479168	n
23	67.494363	24.479168	66.883280	24.826820	n
24	66.883280	24.826820	66.203041	25.004467	n
25	66.203041	25.004467	65.500000	25.000000	n
26	68.536303	2.200656	68.536303	22.700656	n
27	65.500000	0.000000	2.250000	0.000000	n
Tolerance=0.050000.
*Exact match for i=0 and j=8.
*i point 0.000000	2.250000	0.000000	22.750000	y
*Exact match for i=1 and j=9.
*i point 0.000000	22.750000	0.076667	23.332343	y
*Exact match for i=2 and j=10.
*i point 0.076667	23.332343	0.301443	23.875000	y
*Exact match for i=3 and j=11.
*i point 0.301443	23.875000	0.659010	24.340990	y
*Exact match for i=4 and j=12.
*i point 0.659010	24.340990	1.125000	24.698557	y
*Exact match for i=5 and j=13.
*i point 1.125000	24.698557	1.667657	24.923333	y
*Exact match for i=6 and j=8.
*i point 1.667657	24.923333	2.250000	25.000000	y
*Exact match for i=7 and j=25.
*i point 2.250000	25.000000	65.500000	25.000000	y
	*Before flip 	66.203041	25.004467	65.500000	25.000000	y
	*After flip 	65.500000	25.000000	66.203041	25.004467	y
*Exact match for i=8 and j=24.
*i point 65.500000	25.000000	66.203041	25.004467	y
	*Before flip 	66.883280	24.826820	66.203041	25.004467	y
	*After flip 	66.203041	25.004467	66.883280	24.826820	y
*Exact match for i=9 and j=23.
*i point 66.203041	25.004467	66.883280	24.826820	y
	*Before flip 	67.494363	24.479168	66.883280	24.826820	y
	*After flip 	66.883280	24.826820	67.494363	24.479168	y
*Exact match for i=10 and j=22.
*i point 66.883280	24.826820	67.494363	24.479168	y
	*Before flip 	67.994644	23.985202	67.494363	24.479168	y
	*After flip 	67.494363	24.479168	67.994644	23.985202	y
*Exact match for i=11 and j=21.
*i point 67.494363	24.479168	67.994644	23.985202	y
	*Before flip 	68.350031	23.378586	67.994644	23.985202	y
	*After flip 	67.994644	23.985202	68.350031	23.378586	y
*Exact match for i=12 and j=20.
*i point 67.994644	23.985202	68.350031	23.378586	y
	*Before flip 	68.536303	22.700656	68.350031	23.378586	y
	*After flip 	68.350031	23.378586	68.536303	22.700656	y
*Exact match for i=13 and j=26.
*i point 68.350031	23.378586	68.536303	22.700656	y
	*Before flip 	68.536303	2.200656	68.536303	22.700656	y
	*After flip 	68.536303	22.700656	68.536303	2.200656	y
*Exact match for i=14 and j=26.
*i point 68.536303	22.700656	68.536303	2.200656	y
*Exact match for i=15 and j=26.
*i point 68.536303	2.200656	68.338942	1.537182	y
*Exact match for i=16 and j=26.
*i point 68.338942	1.537182	67.976584	0.947395	y
*Exact match for i=17 and j=26.
*i point 67.976584	0.947395	67.473924	0.471490	y
*Exact match for i=18 and j=26.
*i point 67.473924	0.471490	66.865219	0.141899	y
*Exact match for i=19 and j=26.
*i point 66.865219	0.141899	66.191951	-0.018917	y
*Exact match for i=20 and j=27.
*i point 66.191951	-0.018917	65.500000	0.000000	y
*Exact match for i=21 and j=24.
*i point 65.500000	0.000000	2.250000	0.000000	y
*Exact match for i=22 and j=23.
*i point 2.250000	0.000000	1.667657	0.076667	y
*Exact match for i=23 and j=24.
*i point 1.667657	0.076667	1.125000	0.301443	y
*Exact match for i=24 and j=27.
*i point 1.125000	0.301443	0.659010	0.659010	y
*Exact match for i=25 and j=26.
*i point 0.659010	0.659010	0.301443	1.125000	y
*Exact match for i=26 and j=27.
*i point 0.301443	1.125000	0.076667	1.667657	y
########### array after sorts ###########
0	0.000000	2.250000	0.000000	22.750000	y
1	0.000000	22.750000	0.076667	23.332343	y
2	0.076667	23.332343	0.301443	23.875000	y
3	0.301443	23.875000	0.659010	24.340990	y
4	0.659010	24.340990	1.125000	24.698557	y
5	1.125000	24.698557	1.667657	24.923333	y
6	1.667657	24.923333	2.250000	25.000000	y
7	2.250000	25.000000	65.500000	25.000000	y
8	65.500000	25.000000	66.203041	25.004467	y
9	66.203041	25.004467	66.883280	24.826820	y
10	66.883280	24.826820	67.494363	24.479168	y
11	67.494363	24.479168	67.994644	23.985202	y
12	67.994644	23.985202	68.350031	23.378586	y
13	68.350031	23.378586	68.536303	22.700656	y
14	68.536303	22.700656	68.536303	2.200656	y
15	68.536303	2.200656	68.338942	1.537182	y
16	68.338942	1.537182	67.976584	0.947395	y
17	67.976584	0.947395	67.473924	0.471490	y
18	67.473924	0.471490	66.865219	0.141899	y
19	66.865219	0.141899	66.191951	-0.018917	y
20	66.191951	-0.018917	65.500000	0.000000	y
21	65.500000	0.000000	2.250000	0.000000	y
22	2.250000	0.000000	1.667657	0.076667	y
23	1.667657	0.076667	1.125000	0.301443	y
24	1.125000	0.301443	0.659010	0.659010	y
25	0.659010	0.659010	0.301443	1.125000	y
26	0.301443	1.125000	0.076667	1.667657	y
27	0.076667	1.667657	0.000000	2.250000	y
***************
.BOARD_OUTLINE UNOWNED
1.6
0     0.000000     2.250000     0
0     0.000000     22.750000     0
0     0.076667     23.332343     0
0     0.301443     23.875000     0
0     0.659010     24.340990     0
0     1.125000     24.698557     0
0     1.667657     24.923333     0
0     2.250000     25.000000     0
0     65.500000     25.000000     0
0     66.203041     25.004467     0
0     66.883280     24.826820     0
0     67.494363     24.479168     0
0     67.994644     23.985202     0
0     68.350031     23.378586     0
0     68.536303     22.700656     0
0     68.536303     2.200656     0
0     68.338942     1.537182     0
0     67.976584     0.947395     0
0     67.473924     0.471490     0
0     66.865219     0.141899     0
0     66.191951     -0.018917     0
0     65.500000     0.000000     0
0     2.250000     0.000000     0
0     1.667657     0.076667     0
0     1.125000     0.301443     0
0     0.659010     0.659010     0
0     0.301443     1.125000     0
0     0.076667     1.667657     0
0     0.000000     2.250000     0
